<<<<<<< Updated upstream
\BOOKMARK [1][-]{section.1}{How to use this?}{}% 1
\BOOKMARK [1][-]{section.2}{The most basic library}{}% 2
\BOOKMARK [1][-]{section.3}{Wrapping it up in an exectuable}{}% 3
\BOOKMARK [1][-]{section.4}{Simple Tests}{}% 4
\BOOKMARK [1][-]{section.5}{Conclusion}{}% 5
\BOOKMARK [1][-]{section.5}{Bibliography}{}% 6
=======
\BOOKMARK [1][-]{section.1}{Basic Library}{}% 1
\BOOKMARK [2][-]{subsection.1.1}{The Alphabet}{section.1}% 2
\BOOKMARK [2][-]{subsection.1.2}{Deterministic and Non-Deterministic Automata}{section.1}% 3
\BOOKMARK [2][-]{subsection.1.3}{Regular Expression}{section.1}% 4
\BOOKMARK [1][-]{section.2}{Automata and Regular Expressions}{}% 5
\BOOKMARK [2][-]{subsection.2.1}{Regular Expressions to Automata}{section.2}% 6
\BOOKMARK [2][-]{subsection.2.2}{Automata to Regular}{section.2}% 7
\BOOKMARK [3][-]{subsubsection.2.2.1}{Kleene's Algorithim}{subsection.2.2}% 8
\BOOKMARK [2][-]{subsection.2.3}{Issues with the Algorithims}{section.2}% 9
\BOOKMARK [1][-]{section.3}{Examples and Testing}{}% 10
\BOOKMARK [2][-]{subsection.3.1}{Examples of Automata and Regular Expressions}{section.3}% 11
\BOOKMARK [2][-]{subsection.3.2}{Simple Tests}{section.3}% 12
\BOOKMARK [1][-]{section.4}{Conclusion}{}% 13
\BOOKMARK [1][-]{section.4}{Bibliography}{}% 14
>>>>>>> Stashed changes
