This is pdfTeX, Version 3.141592653-2.6-1.40.25 (TeX Live 2023/nixos.org) (preloaded format=pdflatex 1980.1.1)  26 MAY 2024 13:31
entering extended mode
 restricted \write18 enabled.
 file:line:error style messages enabled.
 %&-line parsing enabled.
**report.tex
(./report.tex
LaTeX2e <2023-11-01> patch level 1
L3 programming layer <2024-02-20>

(/nix/store/9lkc6vqkx4vxd0fin4acfj7ha84h28gh-texlive-combined-2023-texmfdist/te
x/latex/base/article.cls
Document Class: article 2023/05/17 v1.4n Standard LaTeX document class

(/nix/store/9lkc6vqkx4vxd0fin4acfj7ha84h28gh-texlive-combined-2023-texmfdist/te
x/latex/base/size12.clo
File: size12.clo 2023/05/17 v1.4n Standard LaTeX file (size option)
)
\c@part=\count188
\c@section=\count189
\c@subsection=\count190
\c@subsubsection=\count191
\c@paragraph=\count192
\c@subparagraph=\count193
\c@figure=\count194
\c@table=\count195
\abovecaptionskip=\skip48
\belowcaptionskip=\skip49
\bibindent=\dimen140
) (./latexmacros.tex
(/nix/store/9lkc6vqkx4vxd0fin4acfj7ha84h28gh-texlive-combined-2023-texmfdist/te
x/latex/etex-pkg/etex.sty
Package: etex 2016/08/01 v2.7 eTeX basic definition package (PEB,DPC)
\et@xins=\count196
)
(/nix/store/9lkc6vqkx4vxd0fin4acfj7ha84h28gh-texlive-combined-2023-texmfdist/te
x/latex/datetime/datetime.sty
Package: datetime 2015/03/20 v2.60 Date Time Package

(/nix/store/9lkc6vqkx4vxd0fin4acfj7ha84h28gh-texlive-combined-2023-texmfdist/te
x/latex/etoolbox/etoolbox.sty
Package: etoolbox 2020/10/05 v2.5k e-TeX tools for LaTeX (JAW)
\etb@tempcnta=\count197
)
(/nix/store/9lkc6vqkx4vxd0fin4acfj7ha84h28gh-texlive-combined-2023-texmfdist/te
x/latex/fmtcount/fmtcount.sty
Package: fmtcount 2020/01/30 v3.07

(/nix/store/9lkc6vqkx4vxd0fin4acfj7ha84h28gh-texlive-combined-2023-texmfdist/te
x/latex/base/ifthen.sty
Package: ifthen 2022/04/13 v1.1d Standard LaTeX ifthen package (DPC)
)
(/nix/store/9lkc6vqkx4vxd0fin4acfj7ha84h28gh-texlive-combined-2023-texmfdist/te
x/latex/xkeyval/xkeyval.sty
Package: xkeyval 2022/06/16 v2.9 package option processing (HA)

(/nix/store/9lkc6vqkx4vxd0fin4acfj7ha84h28gh-texlive-combined-2023-texmfdist/te
x/generic/xkeyval/xkeyval.tex
(/nix/store/9lkc6vqkx4vxd0fin4acfj7ha84h28gh-texlive-combined-2023-texmfdist/te
x/generic/xkeyval/xkvutils.tex
\XKV@toks=\toks17
\XKV@tempa@toks=\toks18

(/nix/store/9lkc6vqkx4vxd0fin4acfj7ha84h28gh-texlive-combined-2023-texmfdist/te
x/generic/xkeyval/keyval.tex))
\XKV@depth=\count198
File: xkeyval.tex 2014/12/03 v2.7a key=value parser (HA)
))
(/nix/store/9lkc6vqkx4vxd0fin4acfj7ha84h28gh-texlive-combined-2023-texmfdist/te
x/latex/fmtcount/fcprefix.sty
Package: fcprefix 2012/09/28

(/nix/store/9lkc6vqkx4vxd0fin4acfj7ha84h28gh-texlive-combined-2023-texmfdist/te
x/latex/fmtcount/fcnumparser.sty
Package: fcnumparser 2017/06/15
\fc@digit@counter=\count199
))
(/nix/store/9lkc6vqkx4vxd0fin4acfj7ha84h28gh-texlive-combined-2023-texmfdist/te
x/latex/amsmath/amsgen.sty
File: amsgen.sty 1999/11/30 v2.0 generic functions
\@emptytoks=\toks19
\ex@=\dimen141
)
Normal \count register pool exhausted, switching to extended pool.
\c@padzeroesN=\count277
\fc@tmpcatcode=\count278
\@DT@modctr=\count279
\@ordinalctr=\count280
\@orgargctr=\count281
\@strctr=\count282
\@tmpstrctr=\count283
\@DT@loopN=\count284
\@DT@X=\count285
)
(/nix/store/9lkc6vqkx4vxd0fin4acfj7ha84h28gh-texlive-combined-2023-texmfdist/te
x/latex/datetime/datetime-defaults.sty
Package: datetime-defaults 2013/09/10
)
\@day=\count286
\@month=\count287
\@year=\count288
\c@HOUR=\count289
\c@HOURXII=\count290
\c@MINUTE=\count291
\c@TOHOUR=\count292
\c@TOMINUTE=\count293
\c@SECOND=\count294
\currenthour=\count295
\currentminute=\count296
\currentsecond=\count297
Package datetime Info: No datetime.cfg file found, using default settings on in
put line 308.
\@dtctr=\count298
\dayofyear=\count299
\dayofweek=\count300
LaTeX Info: Redefining \today on input line 736.
\dt@a=\toks20
\dt@b=\toks21
)
(/nix/store/9lkc6vqkx4vxd0fin4acfj7ha84h28gh-texlive-combined-2023-texmfdist/te
x/latex/setspace/setspace.sty
Package: setspace 2022/12/04 v6.7b set line spacing
)
(/nix/store/9lkc6vqkx4vxd0fin4acfj7ha84h28gh-texlive-combined-2023-texmfdist/te
x/latex/base/latexsym.sty
Package: latexsym 1998/08/17 v2.2e Standard LaTeX package (lasy symbols)
\symlasy=\mathgroup4
LaTeX Font Info:    Overwriting symbol font `lasy' in version `bold'
(Font)                  U/lasy/m/n --> U/lasy/b/n on input line 52.
)
(/nix/store/9lkc6vqkx4vxd0fin4acfj7ha84h28gh-texlive-combined-2023-texmfdist/te
x/latex/amsfonts/amssymb.sty
Package: amssymb 2013/01/14 v3.01 AMS font symbols

(/nix/store/9lkc6vqkx4vxd0fin4acfj7ha84h28gh-texlive-combined-2023-texmfdist/te
x/latex/amsfonts/amsfonts.sty
Package: amsfonts 2013/01/14 v3.01 Basic AMSFonts support
\symAMSa=\mathgroup5
\symAMSb=\mathgroup6
LaTeX Font Info:    Redeclaring math symbol \hbar on input line 98.
LaTeX Font Info:    Overwriting math alphabet `\mathfrak' in version `bold'
(Font)                  U/euf/m/n --> U/euf/b/n on input line 106.
))
(/nix/store/9lkc6vqkx4vxd0fin4acfj7ha84h28gh-texlive-combined-2023-texmfdist/te
x/latex/amsmath/amsmath.sty
Package: amsmath 2023/05/13 v2.17o AMS math features
\@mathmargin=\skip50

For additional information on amsmath, use the `?' option.

(/nix/store/9lkc6vqkx4vxd0fin4acfj7ha84h28gh-texlive-combined-2023-texmfdist/te
x/latex/amsmath/amstext.sty
Package: amstext 2021/08/26 v2.01 AMS text
)
(/nix/store/9lkc6vqkx4vxd0fin4acfj7ha84h28gh-texlive-combined-2023-texmfdist/te
x/latex/amsmath/amsbsy.sty
Package: amsbsy 1999/11/29 v1.2d Bold Symbols
\pmbraise@=\dimen142
)
(/nix/store/9lkc6vqkx4vxd0fin4acfj7ha84h28gh-texlive-combined-2023-texmfdist/te
x/latex/amsmath/amsopn.sty
Package: amsopn 2022/04/08 v2.04 operator names
)
\inf@bad=\count301
LaTeX Info: Redefining \frac on input line 234.
\uproot@=\count302
\leftroot@=\count303
LaTeX Info: Redefining \overline on input line 399.
LaTeX Info: Redefining \colon on input line 410.
\classnum@=\count304
\DOTSCASE@=\count305
LaTeX Info: Redefining \ldots on input line 496.
LaTeX Info: Redefining \dots on input line 499.
LaTeX Info: Redefining \cdots on input line 620.
\Mathstrutbox@=\box51
\strutbox@=\box52
LaTeX Info: Redefining \big on input line 722.
LaTeX Info: Redefining \Big on input line 723.
LaTeX Info: Redefining \bigg on input line 724.
LaTeX Info: Redefining \Bigg on input line 725.
\big@size=\dimen143
LaTeX Font Info:    Redeclaring font encoding OML on input line 743.
LaTeX Font Info:    Redeclaring font encoding OMS on input line 744.
\macc@depth=\count306
LaTeX Info: Redefining \bmod on input line 905.
LaTeX Info: Redefining \pmod on input line 910.
LaTeX Info: Redefining \smash on input line 940.
LaTeX Info: Redefining \relbar on input line 970.
LaTeX Info: Redefining \Relbar on input line 971.
\c@MaxMatrixCols=\count307
\dotsspace@=\muskip16
\c@parentequation=\count308
\dspbrk@lvl=\count309
\tag@help=\toks22
\row@=\count310
\column@=\count311
\maxfields@=\count312
\andhelp@=\toks23
\eqnshift@=\dimen144
\alignsep@=\dimen145
\tagshift@=\dimen146
\tagwidth@=\dimen147
\totwidth@=\dimen148
\lineht@=\dimen149
\@envbody=\toks24
\multlinegap=\skip51
\multlinetaggap=\skip52
\mathdisplay@stack=\toks25
LaTeX Info: Redefining \[ on input line 2953.
LaTeX Info: Redefining \] on input line 2954.
)
(/nix/store/9lkc6vqkx4vxd0fin4acfj7ha84h28gh-texlive-combined-2023-texmfdist/te
x/latex/amscls/amsthm.sty
Package: amsthm 2020/05/29 v2.20.6
\thm@style=\toks26
\thm@bodyfont=\toks27
\thm@headfont=\toks28
\thm@notefont=\toks29
\thm@headpunct=\toks30
\thm@preskip=\skip53
\thm@postskip=\skip54
\thm@headsep=\skip55
\dth@everypar=\toks31
)
(/nix/store/9lkc6vqkx4vxd0fin4acfj7ha84h28gh-texlive-combined-2023-texmfdist/te
x/latex/fancybox/fancybox.sty
Package: fancybox 2010/05/15 1.4

Style option: `fancybox' v1.4 <2010/05/15> (tvz)
\@fancybox=\box53
\shadowsize=\dimen150
\@Sbox=\box54
\do@VerbBox=\toks32
\the@fancyput=\toks33
\this@fancyput=\toks34
\EndVerbatimTokens=\toks35
\Verbatim@Outfile=\write3
\Verbatim@Infile=\read2
)
(/nix/store/9lkc6vqkx4vxd0fin4acfj7ha84h28gh-texlive-combined-2023-texmfdist/te
x/latex/frankenstein/dialogue.sty
Package: dialogue 1999/03/01 v1.1 dialogue environment (Frankenstein's mouth)

(/nix/store/9lkc6vqkx4vxd0fin4acfj7ha84h28gh-texlive-combined-2023-texmfdist/te
x/latex/frankenstein/blkcntrl.sty
Package: blkcntrl 2001/08/31 v1.2 block control

(/nix/store/9lkc6vqkx4vxd0fin4acfj7ha84h28gh-texlive-combined-2023-texmfdist/te
x/latex/frankenstein/moredefs.sty
Package: moredefs 2001/08/31 v1.8 more defining commands (Frankenstein's brain)

\sc@toks@a=\toks36
\sc@toks@b=\toks37
)
(/nix/store/9lkc6vqkx4vxd0fin4acfj7ha84h28gh-texlive-combined-2023-texmfdist/te
x/latex/relsize/relsize.sty
Package: relsize 2013/03/29 ver 4.1
)))
(/nix/store/9lkc6vqkx4vxd0fin4acfj7ha84h28gh-texlive-combined-2023-texmfdist/te
x/latex/float/float.sty
Package: float 2001/11/08 v1.3d Float enhancements (AL)
\c@float@type=\count313
\float@exts=\toks38
\float@box=\box55
\@float@everytoks=\toks39
\@floatcapt=\box56
)
(/nix/store/9lkc6vqkx4vxd0fin4acfj7ha84h28gh-texlive-combined-2023-texmfdist/te
x/latex/wrapfig/wrapfig.sty
\wrapoverhang=\dimen151
\WF@size=\dimen152
\c@WF@wrappedlines=\count314
\WF@box=\box57
\WF@everypar=\toks40
Package: wrapfig 2003/01/31  v 3.6
)
(/nix/store/9lkc6vqkx4vxd0fin4acfj7ha84h28gh-texlive-combined-2023-texmfdist/te
x/latex/tools/enumerate.sty
Package: enumerate 2023/07/04 v3.00 enumerate extensions (DPC)
\@enLab=\toks41
)
(/nix/store/9lkc6vqkx4vxd0fin4acfj7ha84h28gh-texlive-combined-2023-texmfdist/te
x/latex/microtype/microtype.sty
Package: microtype 2023/03/13 v3.1a Micro-typographical refinements (RS)
\MT@toks=\toks42
\MT@tempbox=\box58
\MT@count=\count315
LaTeX Info: Redefining \noprotrusionifhmode on input line 1059.
LaTeX Info: Redefining \leftprotrusion on input line 1060.
\MT@prot@toks=\toks43
LaTeX Info: Redefining \rightprotrusion on input line 1078.
LaTeX Info: Redefining \textls on input line 1368.
\MT@outer@kern=\dimen153
LaTeX Info: Redefining \textmicrotypecontext on input line 1988.
\MT@listname@count=\count316

(/nix/store/9lkc6vqkx4vxd0fin4acfj7ha84h28gh-texlive-combined-2023-texmfdist/te
x/latex/microtype/microtype-pdftex.def
File: microtype-pdftex.def 2023/03/13 v3.1a Definitions specific to pdftex (RS)

LaTeX Info: Redefining \lsstyle on input line 902.
LaTeX Info: Redefining \lslig on input line 902.
\MT@outer@space=\skip56
)
Package microtype Info: Loading configuration file microtype.cfg.

(/nix/store/9lkc6vqkx4vxd0fin4acfj7ha84h28gh-texlive-combined-2023-texmfdist/te
x/latex/microtype/microtype.cfg
File: microtype.cfg 2023/03/13 v3.1a microtype main configuration file (RS)
))
(/nix/store/9lkc6vqkx4vxd0fin4acfj7ha84h28gh-texlive-combined-2023-texmfdist/te
x/latex/tools/verbatim.sty
Package: verbatim 2023-11-06 v1.5v LaTeX2e package for verbatim enhancements
\every@verbatim=\toks44
\verbatim@line=\toks45
\verbatim@in@stream=\read3
)
(/nix/store/9lkc6vqkx4vxd0fin4acfj7ha84h28gh-texlive-combined-2023-texmfdist/te
x/latex/xcolor/xcolor.sty
Package: xcolor 2023/11/15 v3.01 LaTeX color extensions (UK)

(/nix/store/9lkc6vqkx4vxd0fin4acfj7ha84h28gh-texlive-combined-2023-texmfdist/te
x/latex/graphics-cfg/color.cfg
File: color.cfg 2016/01/02 v1.6 sample color configuration
)
Package xcolor Info: Driver file: pdftex.def on input line 274.

(/nix/store/9lkc6vqkx4vxd0fin4acfj7ha84h28gh-texlive-combined-2023-texmfdist/te
x/latex/graphics-def/pdftex.def
File: pdftex.def 2022/09/22 v1.2b Graphics/color driver for pdftex
)
(/nix/store/9lkc6vqkx4vxd0fin4acfj7ha84h28gh-texlive-combined-2023-texmfdist/te
x/latex/graphics/mathcolor.ltx)
Package xcolor Info: Model `cmy' substituted by `cmy0' on input line 1350.
Package xcolor Info: Model `hsb' substituted by `rgb' on input line 1354.
Package xcolor Info: Model `RGB' extended on input line 1366.
Package xcolor Info: Model `HTML' substituted by `rgb' on input line 1368.
Package xcolor Info: Model `Hsb' substituted by `hsb' on input line 1369.
Package xcolor Info: Model `tHsb' substituted by `hsb' on input line 1370.
Package xcolor Info: Model `HSB' substituted by `hsb' on input line 1371.
Package xcolor Info: Model `Gray' substituted by `gray' on input line 1372.
Package xcolor Info: Model `wave' substituted by `hsb' on input line 1373.
)
(/nix/store/9lkc6vqkx4vxd0fin4acfj7ha84h28gh-texlive-combined-2023-texmfdist/te
x/latex/tools/multicol.sty
Package: multicol 2023/03/30 v1.9f multicolumn formatting (FMi)
\c@tracingmulticols=\count317
\mult@box=\box59
\multicol@leftmargin=\dimen154
\c@unbalance=\count318
\c@collectmore=\count319
\doublecol@number=\count320
\multicoltolerance=\count321
\multicolpretolerance=\count322
\full@width=\dimen155
\page@free=\dimen156
\premulticols=\dimen157
\postmulticols=\dimen158
\multicolsep=\skip57
\multicolbaselineskip=\skip58
\partial@page=\box60
\last@line=\box61
\mc@boxedresult=\box62
\maxbalancingoverflow=\dimen159
\mult@rightbox=\box63
\mult@grightbox=\box64
\mult@firstbox=\box65
\mult@gfirstbox=\box66
\@tempa=\box67
\@tempa=\box68
\@tempa=\box69
\@tempa=\box70
\@tempa=\box71
\@tempa=\box72
\@tempa=\box73
\@tempa=\box74
\@tempa=\box75
\@tempa=\box76
\@tempa=\box77
\@tempa=\box78
\@tempa=\box79
\@tempa=\box80
\@tempa=\box81
\@tempa=\box82
\@tempa=\box83
\@tempa=\box84
\@tempa=\box85
\@tempa=\box86
\@tempa=\box87
\@tempa=\box88
\@tempa=\box89
\@tempa=\box90
\@tempa=\box91
\@tempa=\box92
\@tempa=\box93
\@tempa=\box94
\@tempa=\box95
\@tempa=\box96
\@tempa=\box97
\@tempa=\box98
\@tempa=\box99
\@tempa=\box100
\@tempa=\box101
\@tempa=\box102
\c@minrows=\count323
\c@columnbadness=\count324
\c@finalcolumnbadness=\count325
\last@try=\dimen160
\multicolovershoot=\dimen161
\multicolundershoot=\dimen162
\mult@nat@firstbox=\box103
\colbreak@box=\box104
\mc@col@check@num=\count326
)
(/nix/store/9lkc6vqkx4vxd0fin4acfj7ha84h28gh-texlive-combined-2023-texmfdist/te
x/latex/titlesec/titlesec.sty
Package: titlesec 2023/10/27 v2.16 Sectioning titles
\ttl@box=\box105
\beforetitleunit=\skip59
\aftertitleunit=\skip60
\ttl@plus=\dimen163
\ttl@minus=\dimen164
\ttl@toksa=\toks46
\titlewidth=\dimen165
\titlewidthlast=\dimen166
\titlewidthfirst=\dimen167
)
(/nix/store/9lkc6vqkx4vxd0fin4acfj7ha84h28gh-texlive-combined-2023-texmfdist/te
x/latex/tools/tabularx.sty
Package: tabularx 2023/07/08 v2.11c `tabularx' package (DPC)

(/nix/store/9lkc6vqkx4vxd0fin4acfj7ha84h28gh-texlive-combined-2023-texmfdist/te
x/latex/tools/array.sty
Package: array 2023/10/16 v2.5g Tabular extension package (FMi)
\col@sep=\dimen168
\ar@mcellbox=\box106
\extrarowheight=\dimen169
\NC@list=\toks47
\extratabsurround=\skip61
\backup@length=\skip62
\ar@cellbox=\box107
)
\TX@col@width=\dimen170
\TX@old@table=\dimen171
\TX@old@col=\dimen172
\TX@target=\dimen173
\TX@delta=\dimen174
\TX@cols=\count327
\TX@ftn=\toks48
)
(/nix/store/9lkc6vqkx4vxd0fin4acfj7ha84h28gh-texlive-combined-2023-texmfdist/te
x/latex/mdframed/mdframed.sty
Package: mdframed 2013/07/01 1.9b: mdframed

(/nix/store/9lkc6vqkx4vxd0fin4acfj7ha84h28gh-texlive-combined-2023-texmfdist/te
x/latex/kvoptions/kvoptions.sty
Package: kvoptions 2022-06-15 v3.15 Key value format for package options (HO)

(/nix/store/9lkc6vqkx4vxd0fin4acfj7ha84h28gh-texlive-combined-2023-texmfdist/te
x/generic/ltxcmds/ltxcmds.sty
Package: ltxcmds 2023-12-04 v1.26 LaTeX kernel commands for general use (HO)
)
(/nix/store/9lkc6vqkx4vxd0fin4acfj7ha84h28gh-texlive-combined-2023-texmfdist/te
x/latex/kvsetkeys/kvsetkeys.sty
Package: kvsetkeys 2022-10-05 v1.19 Key value parser (HO)
))
(/nix/store/9lkc6vqkx4vxd0fin4acfj7ha84h28gh-texlive-combined-2023-texmfdist/te
x/latex/l3packages/xparse/xparse.sty
(/nix/store/9lkc6vqkx4vxd0fin4acfj7ha84h28gh-texlive-combined-2023-texmfdist/te
x/latex/l3kernel/expl3.sty
Package: expl3 2024-02-20 L3 programming layer (loader) 

(/nix/store/9lkc6vqkx4vxd0fin4acfj7ha84h28gh-texlive-combined-2023-texmfdist/te
x/latex/l3backend/l3backend-pdftex.def
File: l3backend-pdftex.def 2024-02-20 L3 backend support: PDF output (pdfTeX)
\l__color_backend_stack_int=\count328
\l__pdf_internal_box=\box108
))
Package: xparse 2024-02-18 L3 Experimental document command parser
)
(/nix/store/9lkc6vqkx4vxd0fin4acfj7ha84h28gh-texlive-combined-2023-texmfdist/te
x/latex/zref/zref-abspage.sty
Package: zref-abspage 2023-09-14 v2.35 Module abspage for zref (HO)

(/nix/store/9lkc6vqkx4vxd0fin4acfj7ha84h28gh-texlive-combined-2023-texmfdist/te
x/latex/zref/zref-base.sty
Package: zref-base 2023-09-14 v2.35 Module base for zref (HO)

(/nix/store/9lkc6vqkx4vxd0fin4acfj7ha84h28gh-texlive-combined-2023-texmfdist/te
x/generic/infwarerr/infwarerr.sty
Package: infwarerr 2019/12/03 v1.5 Providing info/warning/error messages (HO)
)
(/nix/store/9lkc6vqkx4vxd0fin4acfj7ha84h28gh-texlive-combined-2023-texmfdist/te
x/generic/kvdefinekeys/kvdefinekeys.sty
Package: kvdefinekeys 2019-12-19 v1.6 Define keys (HO)
)
(/nix/store/9lkc6vqkx4vxd0fin4acfj7ha84h28gh-texlive-combined-2023-texmfdist/te
x/generic/pdftexcmds/pdftexcmds.sty
Package: pdftexcmds 2020-06-27 v0.33 Utility functions of pdfTeX for LuaTeX (HO
)

(/nix/store/9lkc6vqkx4vxd0fin4acfj7ha84h28gh-texlive-combined-2023-texmfdist/te
x/generic/iftex/iftex.sty
Package: iftex 2022/02/03 v1.0f TeX engine tests
)
Package pdftexcmds Info: \pdf@primitive is available.
Package pdftexcmds Info: \pdf@ifprimitive is available.
Package pdftexcmds Info: \pdfdraftmode found.
)
(/nix/store/9lkc6vqkx4vxd0fin4acfj7ha84h28gh-texlive-combined-2023-texmfdist/te
x/generic/etexcmds/etexcmds.sty
Package: etexcmds 2019/12/15 v1.7 Avoid name clashes with e-TeX commands (HO)
)
(/nix/store/9lkc6vqkx4vxd0fin4acfj7ha84h28gh-texlive-combined-2023-texmfdist/te
x/latex/auxhook/auxhook.sty
Package: auxhook 2019-12-17 v1.6 Hooks for auxiliary files (HO)
)
Package zref Info: New property list: main on input line 767.
Package zref Info: New property: default on input line 768.
Package zref Info: New property: page on input line 769.
)
\c@abspage=\count329
Package zref Info: New property: abspage on input line 67.
)
(/nix/store/9lkc6vqkx4vxd0fin4acfj7ha84h28gh-texlive-combined-2023-texmfdist/te
x/latex/needspace/needspace.sty
Package: needspace 2010/09/12 v1.3d reserve vertical space
)
\mdf@templength=\skip63
\c@mdf@globalstyle@cnt=\count330
\mdf@skipabove@length=\skip64
\mdf@skipbelow@length=\skip65
\mdf@leftmargin@length=\skip66
\mdf@rightmargin@length=\skip67
\mdf@innerleftmargin@length=\skip68
\mdf@innerrightmargin@length=\skip69
\mdf@innertopmargin@length=\skip70
\mdf@innerbottommargin@length=\skip71
\mdf@splittopskip@length=\skip72
\mdf@splitbottomskip@length=\skip73
\mdf@outermargin@length=\skip74
\mdf@innermargin@length=\skip75
\mdf@linewidth@length=\skip76
\mdf@innerlinewidth@length=\skip77
\mdf@middlelinewidth@length=\skip78
\mdf@outerlinewidth@length=\skip79
\mdf@roundcorner@length=\skip80
\mdf@footenotedistance@length=\skip81
\mdf@userdefinedwidth@length=\skip82
\mdf@needspace@length=\skip83
\mdf@frametitleaboveskip@length=\skip84
\mdf@frametitlebelowskip@length=\skip85
\mdf@frametitlerulewidth@length=\skip86
\mdf@frametitleleftmargin@length=\skip87
\mdf@frametitlerightmargin@length=\skip88
\mdf@shadowsize@length=\skip89
\mdf@extratopheight@length=\skip90
\mdf@subtitleabovelinewidth@length=\skip91
\mdf@subtitlebelowlinewidth@length=\skip92
\mdf@subtitleaboveskip@length=\skip93
\mdf@subtitlebelowskip@length=\skip94
\mdf@subtitleinneraboveskip@length=\skip95
\mdf@subtitleinnerbelowskip@length=\skip96
\mdf@subsubtitleabovelinewidth@length=\skip97
\mdf@subsubtitlebelowlinewidth@length=\skip98
\mdf@subsubtitleaboveskip@length=\skip99
\mdf@subsubtitlebelowskip@length=\skip100
\mdf@subsubtitleinneraboveskip@length=\skip101
\mdf@subsubtitleinnerbelowskip@length=\skip102

(/nix/store/9lkc6vqkx4vxd0fin4acfj7ha84h28gh-texlive-combined-2023-texmfdist/te
x/latex/mdframed/md-frame-0.mdf
File: md-frame-0.mdf 2013/07/01\ 1.9b: md-frame-0
)
\mdf@frametitlebox=\box109
\mdf@footnotebox=\box110
\mdf@splitbox@one=\box111
\mdf@splitbox@two=\box112
\mdf@splitbox@save=\box113
\mdfsplitboxwidth=\skip103
\mdfsplitboxtotalwidth=\skip104
\mdfsplitboxheight=\skip105
\mdfsplitboxdepth=\skip106
\mdfsplitboxtotalheight=\skip107
\mdfframetitleboxwidth=\skip108
\mdfframetitleboxtotalwidth=\skip109
\mdfframetitleboxheight=\skip110
\mdfframetitleboxdepth=\skip111
\mdfframetitleboxtotalheight=\skip112
\mdffootnoteboxwidth=\skip113
\mdffootnoteboxtotalwidth=\skip114
\mdffootnoteboxheight=\skip115
\mdffootnoteboxdepth=\skip116
\mdffootnoteboxtotalheight=\skip117
\mdftotallinewidth=\skip118
\mdfboundingboxwidth=\skip119
\mdfboundingboxtotalwidth=\skip120
\mdfboundingboxheight=\skip121
\mdfboundingboxdepth=\skip122
\mdfboundingboxtotalheight=\skip123
\mdf@freevspace@length=\skip124
\mdf@horizontalwidthofbox@length=\skip125
\mdf@verticalmarginwhole@length=\skip126
\mdf@horizontalspaceofbox=\skip127
\mdfsubtitleheight=\skip128
\mdfsubsubtitleheight=\skip129
\c@mdfcountframes=\count331

****** mdframed patching \endmdf@trivlist

****** -- success******

\mdf@envdepth=\count332
\c@mdf@env@i=\count333
\c@mdf@env@ii=\count334
\c@mdf@zref@counter=\count335
Package zref Info: New property: mdf@pagevalue on input line 895.
)
(/nix/store/9lkc6vqkx4vxd0fin4acfj7ha84h28gh-texlive-combined-2023-texmfdist/te
x/latex/tikz-cd/tikz-cd.sty
Package: tikz-cd 2021/05/04 v1.0 Commutative diagrams with TikZ

(/nix/store/9lkc6vqkx4vxd0fin4acfj7ha84h28gh-texlive-combined-2023-texmfdist/te
x/latex/pgf/frontendlayer/tikz.sty
(/nix/store/9lkc6vqkx4vxd0fin4acfj7ha84h28gh-texlive-combined-2023-texmfdist/te
x/latex/pgf/basiclayer/pgf.sty
(/nix/store/9lkc6vqkx4vxd0fin4acfj7ha84h28gh-texlive-combined-2023-texmfdist/te
x/latex/pgf/utilities/pgfrcs.sty
(/nix/store/9lkc6vqkx4vxd0fin4acfj7ha84h28gh-texlive-combined-2023-texmfdist/te
x/generic/pgf/utilities/pgfutil-common.tex
\pgfutil@everybye=\toks49
\pgfutil@tempdima=\dimen175
\pgfutil@tempdimb=\dimen176
)
(/nix/store/9lkc6vqkx4vxd0fin4acfj7ha84h28gh-texlive-combined-2023-texmfdist/te
x/generic/pgf/utilities/pgfutil-latex.def
\pgfutil@abb=\box114
)
(/nix/store/9lkc6vqkx4vxd0fin4acfj7ha84h28gh-texlive-combined-2023-texmfdist/te
x/generic/pgf/utilities/pgfrcs.code.tex
(/nix/store/9lkc6vqkx4vxd0fin4acfj7ha84h28gh-texlive-combined-2023-texmfdist/te
x/generic/pgf/pgf.revision.tex)
Package: pgfrcs 2023-01-15 v3.1.10 (3.1.10)
))
Package: pgf 2023-01-15 v3.1.10 (3.1.10)

(/nix/store/9lkc6vqkx4vxd0fin4acfj7ha84h28gh-texlive-combined-2023-texmfdist/te
x/latex/pgf/basiclayer/pgfcore.sty
(/nix/store/9lkc6vqkx4vxd0fin4acfj7ha84h28gh-texlive-combined-2023-texmfdist/te
x/latex/graphics/graphicx.sty
Package: graphicx 2021/09/16 v1.2d Enhanced LaTeX Graphics (DPC,SPQR)

(/nix/store/9lkc6vqkx4vxd0fin4acfj7ha84h28gh-texlive-combined-2023-texmfdist/te
x/latex/graphics/graphics.sty
Package: graphics 2022/03/10 v1.4e Standard LaTeX Graphics (DPC,SPQR)

(/nix/store/9lkc6vqkx4vxd0fin4acfj7ha84h28gh-texlive-combined-2023-texmfdist/te
x/latex/graphics/trig.sty
Package: trig 2021/08/11 v1.11 sin cos tan (DPC)
)
(/nix/store/9lkc6vqkx4vxd0fin4acfj7ha84h28gh-texlive-combined-2023-texmfdist/te
x/latex/graphics-cfg/graphics.cfg
File: graphics.cfg 2016/06/04 v1.11 sample graphics configuration
)
Package graphics Info: Driver file: pdftex.def on input line 107.
)
\Gin@req@height=\dimen177
\Gin@req@width=\dimen178
)
(/nix/store/9lkc6vqkx4vxd0fin4acfj7ha84h28gh-texlive-combined-2023-texmfdist/te
x/latex/pgf/systemlayer/pgfsys.sty
(/nix/store/9lkc6vqkx4vxd0fin4acfj7ha84h28gh-texlive-combined-2023-texmfdist/te
x/generic/pgf/systemlayer/pgfsys.code.tex
Package: pgfsys 2023-01-15 v3.1.10 (3.1.10)

(/nix/store/9lkc6vqkx4vxd0fin4acfj7ha84h28gh-texlive-combined-2023-texmfdist/te
x/generic/pgf/utilities/pgfkeys.code.tex
\pgfkeys@pathtoks=\toks50
\pgfkeys@temptoks=\toks51

(/nix/store/9lkc6vqkx4vxd0fin4acfj7ha84h28gh-texlive-combined-2023-texmfdist/te
x/generic/pgf/utilities/pgfkeyslibraryfiltered.code.tex
\pgfkeys@tmptoks=\toks52
))
\pgf@x=\dimen179
\pgf@y=\dimen180
\pgf@xa=\dimen181
\pgf@ya=\dimen182
\pgf@xb=\dimen183
\pgf@yb=\dimen184
\pgf@xc=\dimen185
\pgf@yc=\dimen186
\pgf@xd=\dimen187
\pgf@yd=\dimen188
\w@pgf@writea=\write4
\r@pgf@reada=\read4
\c@pgf@counta=\count336
\c@pgf@countb=\count337
\c@pgf@countc=\count338
\c@pgf@countd=\count339
\t@pgf@toka=\toks53
\t@pgf@tokb=\toks54
\t@pgf@tokc=\toks55
\pgf@sys@id@count=\count340

(/nix/store/9lkc6vqkx4vxd0fin4acfj7ha84h28gh-texlive-combined-2023-texmfdist/te
x/generic/pgf/systemlayer/pgf.cfg
File: pgf.cfg 2023-01-15 v3.1.10 (3.1.10)
)
Driver file for pgf: pgfsys-pdftex.def

(/nix/store/9lkc6vqkx4vxd0fin4acfj7ha84h28gh-texlive-combined-2023-texmfdist/te
x/generic/pgf/systemlayer/pgfsys-pdftex.def
File: pgfsys-pdftex.def 2023-01-15 v3.1.10 (3.1.10)

(/nix/store/9lkc6vqkx4vxd0fin4acfj7ha84h28gh-texlive-combined-2023-texmfdist/te
x/generic/pgf/systemlayer/pgfsys-common-pdf.def
File: pgfsys-common-pdf.def 2023-01-15 v3.1.10 (3.1.10)
)))
(/nix/store/9lkc6vqkx4vxd0fin4acfj7ha84h28gh-texlive-combined-2023-texmfdist/te
x/generic/pgf/systemlayer/pgfsyssoftpath.code.tex
File: pgfsyssoftpath.code.tex 2023-01-15 v3.1.10 (3.1.10)
\pgfsyssoftpath@smallbuffer@items=\count341
\pgfsyssoftpath@bigbuffer@items=\count342
)
(/nix/store/9lkc6vqkx4vxd0fin4acfj7ha84h28gh-texlive-combined-2023-texmfdist/te
x/generic/pgf/systemlayer/pgfsysprotocol.code.tex
File: pgfsysprotocol.code.tex 2023-01-15 v3.1.10 (3.1.10)
))
(/nix/store/9lkc6vqkx4vxd0fin4acfj7ha84h28gh-texlive-combined-2023-texmfdist/te
x/generic/pgf/basiclayer/pgfcore.code.tex
Package: pgfcore 2023-01-15 v3.1.10 (3.1.10)

(/nix/store/9lkc6vqkx4vxd0fin4acfj7ha84h28gh-texlive-combined-2023-texmfdist/te
x/generic/pgf/math/pgfmath.code.tex
(/nix/store/9lkc6vqkx4vxd0fin4acfj7ha84h28gh-texlive-combined-2023-texmfdist/te
x/generic/pgf/math/pgfmathutil.code.tex)
(/nix/store/9lkc6vqkx4vxd0fin4acfj7ha84h28gh-texlive-combined-2023-texmfdist/te
x/generic/pgf/math/pgfmathparser.code.tex
\pgfmath@dimen=\dimen189
\pgfmath@count=\count343
\pgfmath@box=\box115
\pgfmath@toks=\toks56
\pgfmath@stack@operand=\toks57
\pgfmath@stack@operation=\toks58
)
(/nix/store/9lkc6vqkx4vxd0fin4acfj7ha84h28gh-texlive-combined-2023-texmfdist/te
x/generic/pgf/math/pgfmathfunctions.code.tex)
(/nix/store/9lkc6vqkx4vxd0fin4acfj7ha84h28gh-texlive-combined-2023-texmfdist/te
x/generic/pgf/math/pgfmathfunctions.basic.code.tex)
(/nix/store/9lkc6vqkx4vxd0fin4acfj7ha84h28gh-texlive-combined-2023-texmfdist/te
x/generic/pgf/math/pgfmathfunctions.trigonometric.code.tex)
(/nix/store/9lkc6vqkx4vxd0fin4acfj7ha84h28gh-texlive-combined-2023-texmfdist/te
x/generic/pgf/math/pgfmathfunctions.random.code.tex)
(/nix/store/9lkc6vqkx4vxd0fin4acfj7ha84h28gh-texlive-combined-2023-texmfdist/te
x/generic/pgf/math/pgfmathfunctions.comparison.code.tex)
(/nix/store/9lkc6vqkx4vxd0fin4acfj7ha84h28gh-texlive-combined-2023-texmfdist/te
x/generic/pgf/math/pgfmathfunctions.base.code.tex)
(/nix/store/9lkc6vqkx4vxd0fin4acfj7ha84h28gh-texlive-combined-2023-texmfdist/te
x/generic/pgf/math/pgfmathfunctions.round.code.tex)
(/nix/store/9lkc6vqkx4vxd0fin4acfj7ha84h28gh-texlive-combined-2023-texmfdist/te
x/generic/pgf/math/pgfmathfunctions.misc.code.tex)
(/nix/store/9lkc6vqkx4vxd0fin4acfj7ha84h28gh-texlive-combined-2023-texmfdist/te
x/generic/pgf/math/pgfmathfunctions.integerarithmetics.code.tex)
(/nix/store/9lkc6vqkx4vxd0fin4acfj7ha84h28gh-texlive-combined-2023-texmfdist/te
x/generic/pgf/math/pgfmathcalc.code.tex)
(/nix/store/9lkc6vqkx4vxd0fin4acfj7ha84h28gh-texlive-combined-2023-texmfdist/te
x/generic/pgf/math/pgfmathfloat.code.tex
\c@pgfmathroundto@lastzeros=\count344
))
(/nix/store/9lkc6vqkx4vxd0fin4acfj7ha84h28gh-texlive-combined-2023-texmfdist/te
x/generic/pgf/math/pgfint.code.tex)
(/nix/store/9lkc6vqkx4vxd0fin4acfj7ha84h28gh-texlive-combined-2023-texmfdist/te
x/generic/pgf/basiclayer/pgfcorepoints.code.tex
File: pgfcorepoints.code.tex 2023-01-15 v3.1.10 (3.1.10)
\pgf@picminx=\dimen190
\pgf@picmaxx=\dimen191
\pgf@picminy=\dimen192
\pgf@picmaxy=\dimen193
\pgf@pathminx=\dimen194
\pgf@pathmaxx=\dimen195
\pgf@pathminy=\dimen196
\pgf@pathmaxy=\dimen197
\pgf@xx=\dimen198
\pgf@xy=\dimen199
Normal \dimen register pool exhausted, switching to extended pool.
\pgf@yx=\dimen256
\pgf@yy=\dimen257
\pgf@zx=\dimen258
\pgf@zy=\dimen259
)
(/nix/store/9lkc6vqkx4vxd0fin4acfj7ha84h28gh-texlive-combined-2023-texmfdist/te
x/generic/pgf/basiclayer/pgfcorepathconstruct.code.tex
File: pgfcorepathconstruct.code.tex 2023-01-15 v3.1.10 (3.1.10)
\pgf@path@lastx=\dimen260
\pgf@path@lasty=\dimen261
)
(/nix/store/9lkc6vqkx4vxd0fin4acfj7ha84h28gh-texlive-combined-2023-texmfdist/te
x/generic/pgf/basiclayer/pgfcorepathusage.code.tex
File: pgfcorepathusage.code.tex 2023-01-15 v3.1.10 (3.1.10)
\pgf@shorten@end@additional=\dimen262
\pgf@shorten@start@additional=\dimen263
)
(/nix/store/9lkc6vqkx4vxd0fin4acfj7ha84h28gh-texlive-combined-2023-texmfdist/te
x/generic/pgf/basiclayer/pgfcorescopes.code.tex
File: pgfcorescopes.code.tex 2023-01-15 v3.1.10 (3.1.10)
\pgfpic=\box116
\pgf@hbox=\box117
\pgf@layerbox@main=\box118
\pgf@picture@serial@count=\count345
)
(/nix/store/9lkc6vqkx4vxd0fin4acfj7ha84h28gh-texlive-combined-2023-texmfdist/te
x/generic/pgf/basiclayer/pgfcoregraphicstate.code.tex
File: pgfcoregraphicstate.code.tex 2023-01-15 v3.1.10 (3.1.10)
\pgflinewidth=\dimen264
)
(/nix/store/9lkc6vqkx4vxd0fin4acfj7ha84h28gh-texlive-combined-2023-texmfdist/te
x/generic/pgf/basiclayer/pgfcoretransformations.code.tex
File: pgfcoretransformations.code.tex 2023-01-15 v3.1.10 (3.1.10)
\pgf@pt@x=\dimen265
\pgf@pt@y=\dimen266
\pgf@pt@temp=\dimen267
)
(/nix/store/9lkc6vqkx4vxd0fin4acfj7ha84h28gh-texlive-combined-2023-texmfdist/te
x/generic/pgf/basiclayer/pgfcorequick.code.tex
File: pgfcorequick.code.tex 2023-01-15 v3.1.10 (3.1.10)
)
(/nix/store/9lkc6vqkx4vxd0fin4acfj7ha84h28gh-texlive-combined-2023-texmfdist/te
x/generic/pgf/basiclayer/pgfcoreobjects.code.tex
File: pgfcoreobjects.code.tex 2023-01-15 v3.1.10 (3.1.10)
)
(/nix/store/9lkc6vqkx4vxd0fin4acfj7ha84h28gh-texlive-combined-2023-texmfdist/te
x/generic/pgf/basiclayer/pgfcorepathprocessing.code.tex
File: pgfcorepathprocessing.code.tex 2023-01-15 v3.1.10 (3.1.10)
)
(/nix/store/9lkc6vqkx4vxd0fin4acfj7ha84h28gh-texlive-combined-2023-texmfdist/te
x/generic/pgf/basiclayer/pgfcorearrows.code.tex
File: pgfcorearrows.code.tex 2023-01-15 v3.1.10 (3.1.10)
\pgfarrowsep=\dimen268
)
(/nix/store/9lkc6vqkx4vxd0fin4acfj7ha84h28gh-texlive-combined-2023-texmfdist/te
x/generic/pgf/basiclayer/pgfcoreshade.code.tex
File: pgfcoreshade.code.tex 2023-01-15 v3.1.10 (3.1.10)
\pgf@max=\dimen269
\pgf@sys@shading@range@num=\count346
\pgf@shadingcount=\count347
)
(/nix/store/9lkc6vqkx4vxd0fin4acfj7ha84h28gh-texlive-combined-2023-texmfdist/te
x/generic/pgf/basiclayer/pgfcoreimage.code.tex
File: pgfcoreimage.code.tex 2023-01-15 v3.1.10 (3.1.10)
)
(/nix/store/9lkc6vqkx4vxd0fin4acfj7ha84h28gh-texlive-combined-2023-texmfdist/te
x/generic/pgf/basiclayer/pgfcoreexternal.code.tex
File: pgfcoreexternal.code.tex 2023-01-15 v3.1.10 (3.1.10)
\pgfexternal@startupbox=\box119
)
(/nix/store/9lkc6vqkx4vxd0fin4acfj7ha84h28gh-texlive-combined-2023-texmfdist/te
x/generic/pgf/basiclayer/pgfcorelayers.code.tex
File: pgfcorelayers.code.tex 2023-01-15 v3.1.10 (3.1.10)
)
(/nix/store/9lkc6vqkx4vxd0fin4acfj7ha84h28gh-texlive-combined-2023-texmfdist/te
x/generic/pgf/basiclayer/pgfcoretransparency.code.tex
File: pgfcoretransparency.code.tex 2023-01-15 v3.1.10 (3.1.10)
)
(/nix/store/9lkc6vqkx4vxd0fin4acfj7ha84h28gh-texlive-combined-2023-texmfdist/te
x/generic/pgf/basiclayer/pgfcorepatterns.code.tex
File: pgfcorepatterns.code.tex 2023-01-15 v3.1.10 (3.1.10)
)
(/nix/store/9lkc6vqkx4vxd0fin4acfj7ha84h28gh-texlive-combined-2023-texmfdist/te
x/generic/pgf/basiclayer/pgfcorerdf.code.tex
File: pgfcorerdf.code.tex 2023-01-15 v3.1.10 (3.1.10)
)))
(/nix/store/9lkc6vqkx4vxd0fin4acfj7ha84h28gh-texlive-combined-2023-texmfdist/te
x/generic/pgf/modules/pgfmoduleshapes.code.tex
File: pgfmoduleshapes.code.tex 2023-01-15 v3.1.10 (3.1.10)
\pgfnodeparttextbox=\box120
)
(/nix/store/9lkc6vqkx4vxd0fin4acfj7ha84h28gh-texlive-combined-2023-texmfdist/te
x/generic/pgf/modules/pgfmoduleplot.code.tex
File: pgfmoduleplot.code.tex 2023-01-15 v3.1.10 (3.1.10)
)
(/nix/store/9lkc6vqkx4vxd0fin4acfj7ha84h28gh-texlive-combined-2023-texmfdist/te
x/latex/pgf/compatibility/pgfcomp-version-0-65.sty
Package: pgfcomp-version-0-65 2023-01-15 v3.1.10 (3.1.10)
\pgf@nodesepstart=\dimen270
\pgf@nodesepend=\dimen271
)
(/nix/store/9lkc6vqkx4vxd0fin4acfj7ha84h28gh-texlive-combined-2023-texmfdist/te
x/latex/pgf/compatibility/pgfcomp-version-1-18.sty
Package: pgfcomp-version-1-18 2023-01-15 v3.1.10 (3.1.10)
))
(/nix/store/9lkc6vqkx4vxd0fin4acfj7ha84h28gh-texlive-combined-2023-texmfdist/te
x/latex/pgf/utilities/pgffor.sty
(/nix/store/9lkc6vqkx4vxd0fin4acfj7ha84h28gh-texlive-combined-2023-texmfdist/te
x/latex/pgf/utilities/pgfkeys.sty
(/nix/store/9lkc6vqkx4vxd0fin4acfj7ha84h28gh-texlive-combined-2023-texmfdist/te
x/generic/pgf/utilities/pgfkeys.code.tex))
(/nix/store/9lkc6vqkx4vxd0fin4acfj7ha84h28gh-texlive-combined-2023-texmfdist/te
x/latex/pgf/math/pgfmath.sty
(/nix/store/9lkc6vqkx4vxd0fin4acfj7ha84h28gh-texlive-combined-2023-texmfdist/te
x/generic/pgf/math/pgfmath.code.tex))
(/nix/store/9lkc6vqkx4vxd0fin4acfj7ha84h28gh-texlive-combined-2023-texmfdist/te
x/generic/pgf/utilities/pgffor.code.tex
Package: pgffor 2023-01-15 v3.1.10 (3.1.10)
\pgffor@iter=\dimen272
\pgffor@skip=\dimen273
\pgffor@stack=\toks59
\pgffor@toks=\toks60
))
(/nix/store/9lkc6vqkx4vxd0fin4acfj7ha84h28gh-texlive-combined-2023-texmfdist/te
x/generic/pgf/frontendlayer/tikz/tikz.code.tex
Package: tikz 2023-01-15 v3.1.10 (3.1.10)

(/nix/store/9lkc6vqkx4vxd0fin4acfj7ha84h28gh-texlive-combined-2023-texmfdist/te
x/generic/pgf/libraries/pgflibraryplothandlers.code.tex
File: pgflibraryplothandlers.code.tex 2023-01-15 v3.1.10 (3.1.10)
\pgf@plot@mark@count=\count348
\pgfplotmarksize=\dimen274
)
\tikz@lastx=\dimen275
\tikz@lasty=\dimen276
\tikz@lastxsaved=\dimen277
\tikz@lastysaved=\dimen278
\tikz@lastmovetox=\dimen279
\tikz@lastmovetoy=\dimen280
\tikzleveldistance=\dimen281
\tikzsiblingdistance=\dimen282
\tikz@figbox=\box121
\tikz@figbox@bg=\box122
\tikz@tempbox=\box123
\tikz@tempbox@bg=\box124
\tikztreelevel=\count349
\tikznumberofchildren=\count350
\tikznumberofcurrentchild=\count351
\tikz@fig@count=\count352

(/nix/store/9lkc6vqkx4vxd0fin4acfj7ha84h28gh-texlive-combined-2023-texmfdist/te
x/generic/pgf/modules/pgfmodulematrix.code.tex
File: pgfmodulematrix.code.tex 2023-01-15 v3.1.10 (3.1.10)
\pgfmatrixcurrentrow=\count353
\pgfmatrixcurrentcolumn=\count354
\pgf@matrix@numberofcolumns=\count355
)
\tikz@expandcount=\count356

(/nix/store/9lkc6vqkx4vxd0fin4acfj7ha84h28gh-texlive-combined-2023-texmfdist/te
x/generic/pgf/frontendlayer/tikz/libraries/tikzlibrarytopaths.code.tex
File: tikzlibrarytopaths.code.tex 2023-01-15 v3.1.10 (3.1.10)
)))
(/nix/store/9lkc6vqkx4vxd0fin4acfj7ha84h28gh-texlive-combined-2023-texmfdist/te
x/generic/tikz-cd/tikzlibrarycd.code.tex
(/nix/store/9lkc6vqkx4vxd0fin4acfj7ha84h28gh-texlive-combined-2023-texmfdist/te
x/generic/pgf/frontendlayer/tikz/libraries/tikzlibrarymatrix.code.tex
File: tikzlibrarymatrix.code.tex 2023-01-15 v3.1.10 (3.1.10)
)
(/nix/store/9lkc6vqkx4vxd0fin4acfj7ha84h28gh-texlive-combined-2023-texmfdist/te
x/generic/pgf/frontendlayer/tikz/libraries/tikzlibraryquotes.code.tex
File: tikzlibraryquotes.code.tex 2023-01-15 v3.1.10 (3.1.10)
)
(/nix/store/9lkc6vqkx4vxd0fin4acfj7ha84h28gh-texlive-combined-2023-texmfdist/te
x/generic/pgf/libraries/pgflibraryarrows.meta.code.tex
File: pgflibraryarrows.meta.code.tex 2023-01-15 v3.1.10 (3.1.10)
\pgfarrowinset=\dimen283
\pgfarrowlength=\dimen284
\pgfarrowwidth=\dimen285
\pgfarrowlinewidth=\dimen286
)))
(/nix/store/9lkc6vqkx4vxd0fin4acfj7ha84h28gh-texlive-combined-2023-texmfdist/te
x/latex/quiver.sty
Package: quiver 2021/01/11 quiver

(/nix/store/9lkc6vqkx4vxd0fin4acfj7ha84h28gh-texlive-combined-2023-texmfdist/te
x/generic/pgf/frontendlayer/tikz/libraries/tikzlibrarycalc.code.tex
File: tikzlibrarycalc.code.tex 2023-01-15 v3.1.10 (3.1.10)
)
(/nix/store/9lkc6vqkx4vxd0fin4acfj7ha84h28gh-texlive-combined-2023-texmfdist/te
x/generic/pgf/frontendlayer/tikz/libraries/tikzlibrarydecorations.pathmorphing.
code.tex
(/nix/store/9lkc6vqkx4vxd0fin4acfj7ha84h28gh-texlive-combined-2023-texmfdist/te
x/generic/pgf/frontendlayer/tikz/libraries/tikzlibrarydecorations.code.tex
(/nix/store/9lkc6vqkx4vxd0fin4acfj7ha84h28gh-texlive-combined-2023-texmfdist/te
x/generic/pgf/modules/pgfmoduledecorations.code.tex
\pgfdecoratedcompleteddistance=\dimen287
\pgfdecoratedremainingdistance=\dimen288
\pgfdecoratedinputsegmentcompleteddistance=\dimen289
\pgfdecoratedinputsegmentremainingdistance=\dimen290
\pgf@decorate@distancetomove=\dimen291
\pgf@decorate@repeatstate=\count357
\pgfdecorationsegmentamplitude=\dimen292
\pgfdecorationsegmentlength=\dimen293
)
\tikz@lib@dec@box=\box125
)
(/nix/store/9lkc6vqkx4vxd0fin4acfj7ha84h28gh-texlive-combined-2023-texmfdist/te
x/generic/pgf/libraries/decorations/pgflibrarydecorations.pathmorphing.code.tex
)))
(/nix/store/9lkc6vqkx4vxd0fin4acfj7ha84h28gh-texlive-combined-2023-texmfdist/te
x/latex/base/inputenc.sty
Package: inputenc 2021/02/14 v1.3d Input encoding file
\inpenc@prehook=\toks61
\inpenc@posthook=\toks62
)
(/nix/store/9lkc6vqkx4vxd0fin4acfj7ha84h28gh-texlive-combined-2023-texmfdist/te
x/latex/hyperref/hyperref.sty
Package: hyperref 2024-01-20 v7.01h Hypertext links for LaTeX

(/nix/store/9lkc6vqkx4vxd0fin4acfj7ha84h28gh-texlive-combined-2023-texmfdist/te
x/generic/pdfescape/pdfescape.sty
Package: pdfescape 2019/12/09 v1.15 Implements pdfTeX's escape features (HO)
)
(/nix/store/9lkc6vqkx4vxd0fin4acfj7ha84h28gh-texlive-combined-2023-texmfdist/te
x/latex/hycolor/hycolor.sty
Package: hycolor 2020-01-27 v1.10 Color options for hyperref/bookmark (HO)
)
(/nix/store/9lkc6vqkx4vxd0fin4acfj7ha84h28gh-texlive-combined-2023-texmfdist/te
x/latex/hyperref/nameref.sty
Package: nameref 2023-11-26 v2.56 Cross-referencing by name of section

(/nix/store/9lkc6vqkx4vxd0fin4acfj7ha84h28gh-texlive-combined-2023-texmfdist/te
x/latex/refcount/refcount.sty
Package: refcount 2019/12/15 v3.6 Data extraction from label references (HO)
)
(/nix/store/9lkc6vqkx4vxd0fin4acfj7ha84h28gh-texlive-combined-2023-texmfdist/te
x/generic/gettitlestring/gettitlestring.sty
Package: gettitlestring 2019/12/15 v1.6 Cleanup title references (HO)
)
\c@section@level=\count358
)
\@linkdim=\dimen294
\Hy@linkcounter=\count359
\Hy@pagecounter=\count360

(/nix/store/9lkc6vqkx4vxd0fin4acfj7ha84h28gh-texlive-combined-2023-texmfdist/te
x/latex/hyperref/pd1enc.def
File: pd1enc.def 2024-01-20 v7.01h Hyperref: PDFDocEncoding definition (HO)
Now handling font encoding PD1 ...
... no UTF-8 mapping file for font encoding PD1
)
(/nix/store/9lkc6vqkx4vxd0fin4acfj7ha84h28gh-texlive-combined-2023-texmfdist/te
x/generic/intcalc/intcalc.sty
Package: intcalc 2019/12/15 v1.3 Expandable calculations with integers (HO)
)
\Hy@SavedSpaceFactor=\count361

(/nix/store/9lkc6vqkx4vxd0fin4acfj7ha84h28gh-texlive-combined-2023-texmfdist/te
x/latex/hyperref/puenc.def
File: puenc.def 2024-01-20 v7.01h Hyperref: PDF Unicode definition (HO)
Now handling font encoding PU ...
... no UTF-8 mapping file for font encoding PU
)
Package hyperref Info: Hyper figures OFF on input line 4179.
Package hyperref Info: Link nesting OFF on input line 4184.
Package hyperref Info: Hyper index ON on input line 4187.
Package hyperref Info: Plain pages OFF on input line 4194.
Package hyperref Info: Backreferencing OFF on input line 4199.
Package hyperref Info: Implicit mode ON; LaTeX internals redefined.
Package hyperref Info: Bookmarks ON on input line 4446.
\c@Hy@tempcnt=\count362

(/nix/store/9lkc6vqkx4vxd0fin4acfj7ha84h28gh-texlive-combined-2023-texmfdist/te
x/latex/url/url.sty
\Urlmuskip=\muskip17
Package: url 2013/09/16  ver 3.4  Verb mode for urls, etc.
)
LaTeX Info: Redefining \url on input line 4784.
\XeTeXLinkMargin=\dimen295

(/nix/store/9lkc6vqkx4vxd0fin4acfj7ha84h28gh-texlive-combined-2023-texmfdist/te
x/generic/bitset/bitset.sty
Package: bitset 2019/12/09 v1.3 Handle bit-vector datatype (HO)

(/nix/store/9lkc6vqkx4vxd0fin4acfj7ha84h28gh-texlive-combined-2023-texmfdist/te
x/generic/bigintcalc/bigintcalc.sty
Package: bigintcalc 2019/12/15 v1.5 Expandable calculations on big integers (HO
)
))
\Fld@menulength=\count363
\Field@Width=\dimen296
\Fld@charsize=\dimen297
Package hyperref Info: Hyper figures OFF on input line 6063.
Package hyperref Info: Link nesting OFF on input line 6068.
Package hyperref Info: Hyper index ON on input line 6071.
Package hyperref Info: backreferencing OFF on input line 6078.
Package hyperref Info: Link coloring OFF on input line 6083.
Package hyperref Info: Link coloring with OCG OFF on input line 6088.
Package hyperref Info: PDF/A mode OFF on input line 6093.

(/nix/store/9lkc6vqkx4vxd0fin4acfj7ha84h28gh-texlive-combined-2023-texmfdist/te
x/latex/base/atbegshi-ltx.sty
Package: atbegshi-ltx 2021/01/10 v1.0c Emulation of the original atbegshi
package with kernel methods
)
\Hy@abspage=\count364
\c@Item=\count365
\c@Hfootnote=\count366
)
Package hyperref Info: Driver: hpdftex.

(/nix/store/9lkc6vqkx4vxd0fin4acfj7ha84h28gh-texlive-combined-2023-texmfdist/te
x/latex/hyperref/hpdftex.def
File: hpdftex.def 2024-01-20 v7.01h Hyperref driver for pdfTeX

(/nix/store/9lkc6vqkx4vxd0fin4acfj7ha84h28gh-texlive-combined-2023-texmfdist/te
x/latex/base/atveryend-ltx.sty
Package: atveryend-ltx 2020/08/19 v1.0a Emulation of the original atveryend pac
kage
with kernel methods
)
\HyAnn@Count=\count367
\Fld@listcount=\count368
\c@bookmark@seq@number=\count369

(/nix/store/9lkc6vqkx4vxd0fin4acfj7ha84h28gh-texlive-combined-2023-texmfdist/te
x/latex/rerunfilecheck/rerunfilecheck.sty
Package: rerunfilecheck 2022-07-10 v1.10 Rerun checks for auxiliary files (HO)

(/nix/store/9lkc6vqkx4vxd0fin4acfj7ha84h28gh-texlive-combined-2023-texmfdist/te
x/generic/uniquecounter/uniquecounter.sty
Package: uniquecounter 2019/12/15 v1.4 Provide unlimited unique counter (HO)
)
Package uniquecounter Info: New unique counter `rerunfilecheck' on input line 2
85.
)
\Hy@SectionHShift=\skip130
)
(/nix/store/9lkc6vqkx4vxd0fin4acfj7ha84h28gh-texlive-combined-2023-texmfdist/te
x/latex/geometry/geometry.sty
Package: geometry 2020/01/02 v5.9 Page Geometry

(/nix/store/9lkc6vqkx4vxd0fin4acfj7ha84h28gh-texlive-combined-2023-texmfdist/te
x/generic/iftex/ifvtex.sty
Package: ifvtex 2019/10/25 v1.7 ifvtex legacy package. Use iftex instead.
)
\Gm@cnth=\count370
\Gm@cntv=\count371
\c@Gm@tempcnt=\count372
\Gm@bindingoffset=\dimen298
\Gm@wd@mp=\dimen299
\Gm@odd@mp=\dimen300
\Gm@even@mp=\dimen301
\Gm@layoutwidth=\dimen302
\Gm@layoutheight=\dimen303
\Gm@layouthoffset=\dimen304
\Gm@layoutvoffset=\dimen305
\Gm@dimlist=\toks63
)
(/nix/store/9lkc6vqkx4vxd0fin4acfj7ha84h28gh-texlive-combined-2023-texmfdist/te
x/generic/pgf/frontendlayer/tikz/libraries/tikzlibraryarrows.code.tex
File: tikzlibraryarrows.code.tex 2023-01-15 v3.1.10 (3.1.10)

(/nix/store/9lkc6vqkx4vxd0fin4acfj7ha84h28gh-texlive-combined-2023-texmfdist/te
x/generic/pgf/libraries/pgflibraryarrows.code.tex
File: pgflibraryarrows.code.tex 2023-01-15 v3.1.10 (3.1.10)
\arrowsize=\dimen306
))
(/nix/store/9lkc6vqkx4vxd0fin4acfj7ha84h28gh-texlive-combined-2023-texmfdist/te
x/generic/pgf/frontendlayer/tikz/libraries/tikzlibrarytrees.code.tex
File: tikzlibrarytrees.code.tex 2023-01-15 v3.1.10 (3.1.10)
)
(/nix/store/9lkc6vqkx4vxd0fin4acfj7ha84h28gh-texlive-combined-2023-texmfdist/te
x/generic/pgf/frontendlayer/tikz/libraries/tikzlibrarypositioning.code.tex
File: tikzlibrarypositioning.code.tex 2023-01-15 v3.1.10 (3.1.10)
)
(/nix/store/9lkc6vqkx4vxd0fin4acfj7ha84h28gh-texlive-combined-2023-texmfdist/te
x/generic/pgf/frontendlayer/tikz/libraries/tikzlibraryshapes.code.tex
File: tikzlibraryshapes.code.tex 2023-01-15 v3.1.10 (3.1.10)

(/nix/store/9lkc6vqkx4vxd0fin4acfj7ha84h28gh-texlive-combined-2023-texmfdist/te
x/generic/pgf/frontendlayer/tikz/libraries/tikzlibraryshapes.geometric.code.tex
File: tikzlibraryshapes.geometric.code.tex 2023-01-15 v3.1.10 (3.1.10)

(/nix/store/9lkc6vqkx4vxd0fin4acfj7ha84h28gh-texlive-combined-2023-texmfdist/te
x/generic/pgf/libraries/shapes/pgflibraryshapes.geometric.code.tex
File: pgflibraryshapes.geometric.code.tex 2023-01-15 v3.1.10 (3.1.10)
))
(/nix/store/9lkc6vqkx4vxd0fin4acfj7ha84h28gh-texlive-combined-2023-texmfdist/te
x/generic/pgf/frontendlayer/tikz/libraries/tikzlibraryshapes.misc.code.tex
File: tikzlibraryshapes.misc.code.tex 2023-01-15 v3.1.10 (3.1.10)

(/nix/store/9lkc6vqkx4vxd0fin4acfj7ha84h28gh-texlive-combined-2023-texmfdist/te
x/generic/pgf/libraries/shapes/pgflibraryshapes.misc.code.tex
File: pgflibraryshapes.misc.code.tex 2023-01-15 v3.1.10 (3.1.10)
))
(/nix/store/9lkc6vqkx4vxd0fin4acfj7ha84h28gh-texlive-combined-2023-texmfdist/te
x/generic/pgf/frontendlayer/tikz/libraries/tikzlibraryshapes.symbols.code.tex
File: tikzlibraryshapes.symbols.code.tex 2023-01-15 v3.1.10 (3.1.10)

(/nix/store/9lkc6vqkx4vxd0fin4acfj7ha84h28gh-texlive-combined-2023-texmfdist/te
x/generic/pgf/libraries/shapes/pgflibraryshapes.symbols.code.tex
File: pgflibraryshapes.symbols.code.tex 2023-01-15 v3.1.10 (3.1.10)
))
(/nix/store/9lkc6vqkx4vxd0fin4acfj7ha84h28gh-texlive-combined-2023-texmfdist/te
x/generic/pgf/frontendlayer/tikz/libraries/tikzlibraryshapes.arrows.code.tex
File: tikzlibraryshapes.arrows.code.tex 2023-01-15 v3.1.10 (3.1.10)

(/nix/store/9lkc6vqkx4vxd0fin4acfj7ha84h28gh-texlive-combined-2023-texmfdist/te
x/generic/pgf/libraries/shapes/pgflibraryshapes.arrows.code.tex
File: pgflibraryshapes.arrows.code.tex 2023-01-15 v3.1.10 (3.1.10)
))
(/nix/store/9lkc6vqkx4vxd0fin4acfj7ha84h28gh-texlive-combined-2023-texmfdist/te
x/generic/pgf/frontendlayer/tikz/libraries/tikzlibraryshapes.callouts.code.tex
(/nix/store/9lkc6vqkx4vxd0fin4acfj7ha84h28gh-texlive-combined-2023-texmfdist/te
x/generic/pgf/libraries/shapes/pgflibraryshapes.callouts.code.tex))
(/nix/store/9lkc6vqkx4vxd0fin4acfj7ha84h28gh-texlive-combined-2023-texmfdist/te
x/generic/pgf/frontendlayer/tikz/libraries/tikzlibraryshapes.multipart.code.tex
File: tikzlibraryshapes.multipart.code.tex 2023-01-15 v3.1.10 (3.1.10)

(/nix/store/9lkc6vqkx4vxd0fin4acfj7ha84h28gh-texlive-combined-2023-texmfdist/te
x/generic/pgf/libraries/shapes/pgflibraryshapes.multipart.code.tex
File: pgflibraryshapes.multipart.code.tex 2023-01-15 v3.1.10 (3.1.10)
\pgfnodepartlowerbox=\box126
\pgfnodeparttwobox=\box127
\pgfnodepartthreebox=\box128
\pgfnodepartfourbox=\box129
\pgfnodeparttwentybox=\box130
\pgfnodepartnineteenbox=\box131
\pgfnodeparteighteenbox=\box132
\pgfnodepartseventeenbox=\box133
\pgfnodepartsixteenbox=\box134
\pgfnodepartfifteenbox=\box135
\pgfnodepartfourteenbox=\box136
\pgfnodepartthirteenbox=\box137
\pgfnodeparttwelvebox=\box138
\pgfnodepartelevenbox=\box139
\pgfnodeparttenbox=\box140
\pgfnodepartninebox=\box141
\pgfnodeparteightbox=\box142
\pgfnodepartsevenbox=\box143
\pgfnodepartsixbox=\box144
\pgfnodepartfivebox=\box145
)))
(/nix/store/9lkc6vqkx4vxd0fin4acfj7ha84h28gh-texlive-combined-2023-texmfdist/te
x/generic/pgf/frontendlayer/tikz/libraries/tikzlibrarypatterns.code.tex
File: tikzlibrarypatterns.code.tex 2023-01-15 v3.1.10 (3.1.10)

(/nix/store/9lkc6vqkx4vxd0fin4acfj7ha84h28gh-texlive-combined-2023-texmfdist/te
x/generic/pgf/libraries/pgflibrarypatterns.code.tex
File: pgflibrarypatterns.code.tex 2023-01-15 v3.1.10 (3.1.10)
))
(/nix/store/9lkc6vqkx4vxd0fin4acfj7ha84h28gh-texlive-combined-2023-texmfdist/te
x/generic/pgf/frontendlayer/tikz/libraries/tikzlibraryintersections.code.tex
(/nix/store/9lkc6vqkx4vxd0fin4acfj7ha84h28gh-texlive-combined-2023-texmfdist/te
x/generic/pgf/libraries/pgflibraryintersections.code.tex
(/nix/store/9lkc6vqkx4vxd0fin4acfj7ha84h28gh-texlive-combined-2023-texmfdist/te
x/generic/pgf/libraries/pgflibraryfpu.code.tex)
\pgf@intersect@solutions=\count373
))
(/nix/store/9lkc6vqkx4vxd0fin4acfj7ha84h28gh-texlive-combined-2023-texmfdist/te
x/generic/pgf/frontendlayer/tikz/libraries/tikzlibraryfpu.code.tex)
(/nix/store/9lkc6vqkx4vxd0fin4acfj7ha84h28gh-texlive-combined-2023-texmfdist/te
x/generic/pgf/frontendlayer/tikz/libraries/tikzlibrarydecorations.pathreplacing
.code.tex
(/nix/store/9lkc6vqkx4vxd0fin4acfj7ha84h28gh-texlive-combined-2023-texmfdist/te
x/generic/pgf/libraries/decorations/pgflibrarydecorations.pathreplacing.code.te
x))
\c@theorem=\count374

(/nix/store/9lkc6vqkx4vxd0fin4acfj7ha84h28gh-texlive-combined-2023-texmfdist/te
x/latex/base/fontenc.sty
Package: fontenc 2021/04/29 v2.0v Standard LaTeX package
)
(/nix/store/9lkc6vqkx4vxd0fin4acfj7ha84h28gh-texlive-combined-2023-texmfdist/te
x/latex/listings/listings.sty
\lst@mode=\count375
\lst@gtempboxa=\box146
\lst@token=\toks64
\lst@length=\count376
\lst@currlwidth=\dimen307
\lst@column=\count377
\lst@pos=\count378
\lst@lostspace=\dimen308
\lst@width=\dimen309
\lst@newlines=\count379
\lst@lineno=\count380
\lst@maxwidth=\dimen310

(/nix/store/9lkc6vqkx4vxd0fin4acfj7ha84h28gh-texlive-combined-2023-texmfdist/te
x/latex/listings/lstpatch.sty
File: lstpatch.sty 2024/02/21 1.10 (Carsten Heinz)
)
(/nix/store/9lkc6vqkx4vxd0fin4acfj7ha84h28gh-texlive-combined-2023-texmfdist/te
x/latex/listings/lstmisc.sty
File: lstmisc.sty 2024/02/21 1.10 (Carsten Heinz)
\c@lstnumber=\count381
\lst@skipnumbers=\count382
\lst@framebox=\box147
)
(/nix/store/9lkc6vqkx4vxd0fin4acfj7ha84h28gh-texlive-combined-2023-texmfdist/te
x/latex/listings/listings.cfg
File: listings.cfg 2024/02/21 1.10 listings configuration
))
Package: listings 2024/02/21 1.10 (Carsten Heinz)

(/nix/store/9lkc6vqkx4vxd0fin4acfj7ha84h28gh-texlive-combined-2023-texmfdist/te
x/latex/listings/lstlang1.sty
File: lstlang1.sty 2024/02/21 1.10 listings language file
)
(/nix/store/9lkc6vqkx4vxd0fin4acfj7ha84h28gh-texlive-combined-2023-texmfdist/te
x/latex/listings/lstlang2.sty
File: lstlang2.sty 2024/02/21 1.10 listings language file
)
Package hyperref Info: Option `breaklinks' set `true' on input line 76.
) (./report.aux)
\openout1 = `report.aux'.

LaTeX Font Info:    Checking defaults for OML/cmm/m/it on input line 10.
LaTeX Font Info:    ... okay on input line 10.
LaTeX Font Info:    Checking defaults for OMS/cmsy/m/n on input line 10.
LaTeX Font Info:    ... okay on input line 10.
LaTeX Font Info:    Checking defaults for OT1/cmr/m/n on input line 10.
LaTeX Font Info:    ... okay on input line 10.
LaTeX Font Info:    Checking defaults for T1/cmr/m/n on input line 10.
LaTeX Font Info:    ... okay on input line 10.
LaTeX Font Info:    Checking defaults for TS1/cmr/m/n on input line 10.
LaTeX Font Info:    ... okay on input line 10.
LaTeX Font Info:    Checking defaults for OMX/cmex/m/n on input line 10.
LaTeX Font Info:    ... okay on input line 10.
LaTeX Font Info:    Checking defaults for U/cmr/m/n on input line 10.
LaTeX Font Info:    ... okay on input line 10.
LaTeX Font Info:    Checking defaults for PD1/pdf/m/n on input line 10.
LaTeX Font Info:    ... okay on input line 10.
LaTeX Font Info:    Checking defaults for PU/pdf/m/n on input line 10.
LaTeX Font Info:    ... okay on input line 10.

(/nix/store/9lkc6vqkx4vxd0fin4acfj7ha84h28gh-texlive-combined-2023-texmfdist/te
x/latex/fmtcount/fc-english.def
File: fc-english.def 2016/01/12
)
LaTeX Info: Redefining \microtypecontext on input line 10.
Package microtype Info: Applying patch `item' on input line 10.
Package microtype Info: Applying patch `toc' on input line 10.
Package microtype Info: Applying patch `eqnum' on input line 10.
Package microtype Info: Applying patch `footnote' on input line 10.
Package microtype Info: Applying patch `verbatim' on input line 10.
Package microtype Info: Generating PDF output.
Package microtype Info: Character protrusion enabled (level 2).
Package microtype Info: Using default protrusion set `alltext'.
Package microtype Info: Automatic font expansion enabled (level 2),
(microtype)             stretch: 20, shrink: 20, step: 1, non-selected.
Package microtype Info: Using default expansion set `alltext-nott'.
LaTeX Info: Redefining \showhyphens on input line 10.
Package microtype Info: No adjustment of tracking.
Package microtype Info: No adjustment of interword spacing.
Package microtype Info: No adjustment of character kerning.

(/nix/store/9lkc6vqkx4vxd0fin4acfj7ha84h28gh-texlive-combined-2023-texmfdist/te
x/latex/microtype/mt-cmr.cfg
File: mt-cmr.cfg 2013/05/19 v2.2 microtype config. file: Computer Modern Roman 
(RS)
)
(/nix/store/9lkc6vqkx4vxd0fin4acfj7ha84h28gh-texlive-combined-2023-texmfdist/te
x/context/base/mkii/supp-pdf.mkii
[Loading MPS to PDF converter (version 2006.09.02).]
\scratchcounter=\count383
\scratchdimen=\dimen311
\scratchbox=\box148
\nofMPsegments=\count384
\nofMParguments=\count385
\everyMPshowfont=\toks65
\MPscratchCnt=\count386
\MPscratchDim=\dimen312
\MPnumerator=\count387
\makeMPintoPDFobject=\count388
\everyMPtoPDFconversion=\toks66
)
(/nix/store/9lkc6vqkx4vxd0fin4acfj7ha84h28gh-texlive-combined-2023-texmfdist/te
x/latex/epstopdf-pkg/epstopdf-base.sty
Package: epstopdf-base 2020-01-24 v2.11 Base part for package epstopdf
Package epstopdf-base Info: Redefining graphics rule for `.eps' on input line 4
85.

(/nix/store/9lkc6vqkx4vxd0fin4acfj7ha84h28gh-texlive-combined-2023-texmfdist/te
x/latex/latexconfig/epstopdf-sys.cfg
File: epstopdf-sys.cfg 2010/07/13 v1.3 Configuration of (r)epstopdf for TeX Liv
e
))
Package hyperref Info: Link coloring OFF on input line 10.
 (./report.out) (./report.out)
\@outlinefile=\write5
\openout5 = `report.out'.


*geometry* driver: auto-detecting
*geometry* detected driver: pdftex
*geometry* verbose mode - [ preamble ] result:
* driver: pdftex
* paper: <default>
* layout: <same size as paper>
* layoutoffset:(h,v)=(0.0pt,0.0pt)
* modes: 
* h-part:(L,W,R)=(56.9055pt, 500.484pt, 56.9055pt)
* v-part:(T,H,B)=(56.9055pt, 652.70622pt, 85.35826pt)
* \paperwidth=614.295pt
* \paperheight=794.96999pt
* \textwidth=500.484pt
* \textheight=652.70622pt
* \oddsidemargin=-15.36449pt
* \evensidemargin=-15.36449pt
* \topmargin=-52.36449pt
* \headheight=12.0pt
* \headsep=25.0pt
* \topskip=12.0pt
* \footskip=42.67912pt
* \marginparwidth=44.0pt
* \marginparsep=10.0pt
* \columnsep=10.0pt
* \skip\footins=10.8pt plus 4.0pt minus 2.0pt
* \hoffset=0.0pt
* \voffset=0.0pt
* \mag=1000
* \@twocolumnfalse
* \@twosidefalse
* \@mparswitchfalse
* \@reversemarginfalse
* (1in=72.27pt=25.4mm, 1cm=28.453pt)

\c@lstlisting=\count389
LaTeX Font Info:    Trying to load font information for U+lasy on input line 13
.

(/nix/store/9lkc6vqkx4vxd0fin4acfj7ha84h28gh-texlive-combined-2023-texmfdist/te
x/latex/base/ulasy.fd
File: ulasy.fd 1998/08/17 v2.2e LaTeX symbol font definitions
)
LaTeX Font Info:    Trying to load font information for U+msa on input line 13.


(/nix/store/9lkc6vqkx4vxd0fin4acfj7ha84h28gh-texlive-combined-2023-texmfdist/te
x/latex/amsfonts/umsa.fd
File: umsa.fd 2013/01/14 v3.01 AMS symbols A
)
(/nix/store/9lkc6vqkx4vxd0fin4acfj7ha84h28gh-texlive-combined-2023-texmfdist/te
x/latex/microtype/mt-msa.cfg
File: mt-msa.cfg 2006/02/04 v1.1 microtype config. file: AMS symbols (a) (RS)
)
LaTeX Font Info:    Trying to load font information for U+msb on input line 13.


(/nix/store/9lkc6vqkx4vxd0fin4acfj7ha84h28gh-texlive-combined-2023-texmfdist/te
x/latex/amsfonts/umsb.fd
File: umsb.fd 2013/01/14 v3.01 AMS symbols B
)
(/nix/store/9lkc6vqkx4vxd0fin4acfj7ha84h28gh-texlive-combined-2023-texmfdist/te
x/latex/microtype/mt-msb.cfg
File: mt-msb.cfg 2005/06/01 v1.0 microtype config. file: AMS symbols (b) (RS)
) (./report.toc [1

{/nix/store/aw07p20q2cyf8yczxpjp5n1idqmbjrm8-texlive-combined-2023/share/texmf-
var/fonts/map/pdftex/updmap/pdftex.map}{/nix/store/9lkc6vqkx4vxd0fin4acfj7ha84h
28gh-texlive-combined-2023-texmfdist/fonts/enc/dvips/cm-super/cm-super-t1.enc}]
)
\tf@toc=\write6
\openout6 = `report.toc'.

 [2] (./lib/Basics.lhs
LaTeX Font Info:    Trying to load font information for T1+cmtt on input line 7
.

(/nix/store/9lkc6vqkx4vxd0fin4acfj7ha84h28gh-texlive-combined-2023-texmfdist/te
x/latex/base/t1cmtt.fd
File: t1cmtt.fd 2023/04/13 v2.5m Standard LaTeX font definitions
)
Package microtype Info: Loading generic protrusion settings for font family
(microtype)             `cmtt' (encoding: T1).
(microtype)             For optimal results, create family-specific settings.
(microtype)             See the microtype manual for details.
) (./lib/Automata.lhs [3

] [4] [5] [6]) (./lib/Regex.lhs
LaTeX Font Info:    Trying to load font information for T1+cmss on input line 5
.

(/nix/store/9lkc6vqkx4vxd0fin4acfj7ha84h28gh-texlive-combined-2023-texmfdist/te
x/latex/base/t1cmss.fd
File: t1cmss.fd 2023/04/13 v2.5m Standard LaTeX font definitions
)
Package microtype Info: Loading generic protrusion settings for font family
(microtype)             `cmss' (encoding: T1).
(microtype)             For optimal results, create family-specific settings.
(microtype)             See the microtype manual for details.
 [7] [8] [9]) (./lib/Kleene.lhs [10] [11] [12] [13]
[14] [15]) (./lib/Examples.lhs [16] [17]) (./exec/Main.lhs [18])
(./test/simpletests.lhs) (./Conclusion.tex) (./report.bbl [19]) [20]
(./report.aux)
 ***********
LaTeX2e <2023-11-01> patch level 1
L3 programming layer <2024-02-20>
 ***********
Package rerunfilecheck Info: File `report.out' has not changed.
(rerunfilecheck)             Checksum: DEE76E5DA53647DD0EAE52B0BB8A9A03;2147.
 ) 
Here is how much of TeX's memory you used:
 33701 strings out of 475230
 677127 string characters out of 5751327
 2737187 words of memory out of 5000000
 54364 multiletter control sequences out of 15000+600000
 581684 words of font info for 166 fonts, out of 8000000 for 9000
 430 hyphenation exceptions out of 8191
 121i,15n,124p,1076b,1976s stack positions out of 10000i,1000n,20000p,200000b,200000s
</nix/store/9lkc6vqkx4vxd0fin4acfj7ha84h28gh-texlive-combined-2023-texmfdist/
fonts/type1/public/amsfonts/cm/cmmi12.pfb></nix/store/9lkc6vqkx4vxd0fin4acfj7ha
84h28gh-texlive-combined-2023-texmfdist/fonts/type1/public/amsfonts/cm/cmmi8.pf
b></nix/store/9lkc6vqkx4vxd0fin4acfj7ha84h28gh-texlive-combined-2023-texmfdist/
fonts/type1/public/amsfonts/cm/cmr12.pfb></nix/store/9lkc6vqkx4vxd0fin4acfj7ha8
4h28gh-texlive-combined-2023-texmfdist/fonts/type1/public/amsfonts/cm/cmsy10.pf
b></nix/store/9lkc6vqkx4vxd0fin4acfj7ha84h28gh-texlive-combined-2023-texmfdist/
fonts/type1/public/amsfonts/symbols/msbm10.pfb></nix/store/9lkc6vqkx4vxd0fin4ac
fj7ha84h28gh-texlive-combined-2023-texmfdist/fonts/type1/public/cm-super/sfbx10
95.pfb></nix/store/9lkc6vqkx4vxd0fin4acfj7ha84h28gh-texlive-combined-2023-texmf
dist/fonts/type1/public/cm-super/sfbx1200.pfb></nix/store/9lkc6vqkx4vxd0fin4acf
j7ha84h28gh-texlive-combined-2023-texmfdist/fonts/type1/public/cm-super/sfbx144
0.pfb></nix/store/9lkc6vqkx4vxd0fin4acfj7ha84h28gh-texlive-combined-2023-texmfd
ist/fonts/type1/public/cm-super/sfbx1728.pfb></nix/store/9lkc6vqkx4vxd0fin4acfj
7ha84h28gh-texlive-combined-2023-texmfdist/fonts/type1/public/cm-super/sfrm1000
.pfb></nix/store/9lkc6vqkx4vxd0fin4acfj7ha84h28gh-texlive-combined-2023-texmfdi
st/fonts/type1/public/cm-super/sfrm1095.pfb></nix/store/9lkc6vqkx4vxd0fin4acfj7
ha84h28gh-texlive-combined-2023-texmfdist/fonts/type1/public/cm-super/sfrm1200.
pfb></nix/store/9lkc6vqkx4vxd0fin4acfj7ha84h28gh-texlive-combined-2023-texmfdis
t/fonts/type1/public/cm-super/sfrm1440.pfb></nix/store/9lkc6vqkx4vxd0fin4acfj7h
a84h28gh-texlive-combined-2023-texmfdist/fonts/type1/public/cm-super/sfrm2074.p
fb></nix/store/9lkc6vqkx4vxd0fin4acfj7ha84h28gh-texlive-combined-2023-texmfdist
/fonts/type1/public/cm-super/sfss1200.pfb></nix/store/9lkc6vqkx4vxd0fin4acfj7ha
84h28gh-texlive-combined-2023-texmfdist/fonts/type1/public/cm-super/sfti1200.pf
b></nix/store/9lkc6vqkx4vxd0fin4acfj7ha84h28gh-texlive-combined-2023-texmfdist/
fonts/type1/public/cm-super/sftt0800.pfb></nix/store/9lkc6vqkx4vxd0fin4acfj7ha8
4h28gh-texlive-combined-2023-texmfdist/fonts/type1/public/cm-super/sftt1200.pfb
>
Output written on report.pdf (20 pages, 408588 bytes).
PDF statistics:
 1102 PDF objects out of 1200 (max. 8388607)
 1033 compressed objects within 11 object streams
 706 named destinations out of 1000 (max. 500000)
 40061 words of extra memory for PDF output out of 42996 (max. 10000000)

